{
"contracts\\ERC721.sol":{"l":{"51":5,"52":5,"53":4,"54":3,"55":3,"73":5,"74":5,"75":4,"76":3,"77":2,"79":1,"80":1,"81":1,"82":1,"83":1,"85":1,"99":4,"100":4,"101":3,"102":2,"104":1,"105":1,"118":2,"119":2,"121":1,"122":1,"125":0,"127":1,"139":5,"140":5,"141":4,"142":3,"143":1,"145":2,"146":2,"147":2,"148":2,"149":2,"150":2,"151":2,"164":3,"165":3,"166":2,"167":1,"168":0,"171":1,"172":1,"173":1,"174":1,"175":1,"176":1,"180":14,"184":13,"185":3,"186":3,"191":23,"192":6,"193":6,"198":6,"199":3,"200":3,"207":6,"208":2,"209":2,"215":1,"217":0,"218":0,"219":0,"222":0,"223":0,"224":0,"230":1,"231":1,"232":1,"233":1},"path":"C:\\Users\\juanm\\OneDrive\\Documents\\ORT\\Blockchain 2\\erc-721-non-fungible-token-contract-jgallicchio1996\\contracts\\ERC721.sol","s":{"1":5,"2":5,"3":4,"4":5,"5":5,"6":4,"7":3,"8":2,"9":1,"10":1,"11":4,"12":4,"13":3,"14":2,"15":1,"16":2,"17":2,"18":1,"19":1,"20":5,"21":5,"22":4,"23":3,"24":1,"25":2,"26":3,"27":3,"28":2,"29":1,"30":0,"31":1,"32":14,"33":13,"34":3,"35":3,"36":23,"37":6,"38":6,"39":6,"40":3,"41":3,"42":6,"43":2,"44":2,"45":1,"46":0,"47":0,"48":0,"49":0,"50":0,"51":0,"52":1,"53":1,"54":1},"b":{"1":[1,0],"2":[1,2],"3":[0,1],"4":[3,10],"5":[6,17],"6":[3,3],"7":[2,4],"8":[2,0],"9":[0,1],"10":[0,0]},"f":{"1":5,"2":5,"3":4,"4":2,"5":5,"6":3,"7":14,"8":13,"9":23,"10":6,"11":6,"12":1,"13":1},"fnMap":{"1":{"name":"constructor","line":50,"loc":{"start":{"line":50,"column":4},"end":{"line":56,"column":4}}},"2":{"name":"safeTransferFrom","line":72,"loc":{"start":{"line":72,"column":4},"end":{"line":86,"column":4}}},"3":{"name":"approve","line":98,"loc":{"start":{"line":98,"column":4},"end":{"line":106,"column":4}}},"4":{"name":"setApprovalForAll","line":117,"loc":{"start":{"line":117,"column":4},"end":{"line":128,"column":4}}},"5":{"name":"mint","line":138,"loc":{"start":{"line":138,"column":4},"end":{"line":152,"column":4}}},"6":{"name":"burn","line":163,"loc":{"start":{"line":163,"column":4},"end":{"line":177,"column":4}}},"7":{"name":"_concatMessage","line":179,"loc":{"start":{"line":179,"column":4},"end":{"line":181,"column":4}}},"8":{"name":"_isEmptyString","line":183,"loc":{"start":{"line":183,"column":4},"end":{"line":188,"column":4}}},"9":{"name":"_isZeroAddress","line":190,"loc":{"start":{"line":190,"column":4},"end":{"line":195,"column":4}}},"10":{"name":"_isAuthorized","line":197,"loc":{"start":{"line":197,"column":4},"end":{"line":202,"column":4}}},"11":{"name":"_isValidTokenId","line":206,"loc":{"start":{"line":206,"column":4},"end":{"line":211,"column":4}}},"12":{"name":"_isERC721TokenReceiver","line":213,"loc":{"start":{"line":213,"column":4},"end":{"line":227,"column":4}}},"13":{"name":"_isSmartContractAddress","line":229,"loc":{"start":{"line":229,"column":4},"end":{"line":234,"column":4}}}},"statementMap":{"1":{"start":{"line":51,"column":8},"end":{"line":51,"column":49}},"2":{"start":{"line":52,"column":8},"end":{"line":52,"column":50}},"3":{"start":{"line":53,"column":8},"end":{"line":53,"column":54}},"4":{"start":{"line":73,"column":8},"end":{"line":73,"column":54}},"5":{"start":{"line":74,"column":8},"end":{"line":74,"column":50}},"6":{"start":{"line":75,"column":8},"end":{"line":75,"column":46}},"7":{"start":{"line":76,"column":8},"end":{"line":76,"column":57}},"8":{"start":{"line":77,"column":8},"end":{"line":77,"column":62}},"9":{"start":{"line":83,"column":8},"end":{"line":83,"column":43}},"10":{"start":{"line":85,"column":8},"end":{"line":85,"column":57}},"11":{"start":{"line":99,"column":8},"end":{"line":99,"column":45}},"12":{"start":{"line":100,"column":8},"end":{"line":100,"column":58}},"13":{"start":{"line":101,"column":8},"end":{"line":101,"column":57}},"14":{"start":{"line":102,"column":8},"end":{"line":102,"column":66}},"15":{"start":{"line":105,"column":8},"end":{"line":105,"column":54}},"16":{"start":{"line":118,"column":8},"end":{"line":118,"column":55}},"17":{"start":{"line":119,"column":8},"end":{"line":119,"column":58}},"18":{"start":{"line":121,"column":8},"end":{"line":121,"column":6092}},"19":{"start":{"line":127,"column":8},"end":{"line":127,"column":61}},"20":{"start":{"line":139,"column":8},"end":{"line":139,"column":42}},"21":{"start":{"line":140,"column":8},"end":{"line":140,"column":60}},"22":{"start":{"line":141,"column":8},"end":{"line":141,"column":48}},"23":{"start":{"line":142,"column":8},"end":{"line":142,"column":7090}},"24":{"start":{"line":143,"column":12},"end":{"line":143,"column":48}},"25":{"start":{"line":149,"column":8},"end":{"line":149,"column":57}},"26":{"start":{"line":164,"column":8},"end":{"line":164,"column":42}},"27":{"start":{"line":165,"column":8},"end":{"line":165,"column":50}},"28":{"start":{"line":166,"column":8},"end":{"line":166,"column":62}},"29":{"start":{"line":167,"column":8},"end":{"line":167,"column":8274}},"30":{"start":{"line":168,"column":12},"end":{"line":168,"column":41}},"31":{"start":{"line":175,"column":8},"end":{"line":175,"column":50}},"32":{"start":{"line":180,"column":8},"end":{"line":180,"column":67}},"33":{"start":{"line":184,"column":8},"end":{"line":184,"column":8944}},"34":{"start":{"line":185,"column":12},"end":{"line":185,"column":106}},"35":{"start":{"line":186,"column":12},"end":{"line":186,"column":27}},"36":{"start":{"line":191,"column":8},"end":{"line":191,"column":9265}},"37":{"start":{"line":192,"column":12},"end":{"line":192,"column":106}},"38":{"start":{"line":193,"column":12},"end":{"line":193,"column":27}},"39":{"start":{"line":198,"column":8},"end":{"line":198,"column":9586}},"40":{"start":{"line":199,"column":12},"end":{"line":199,"column":89}},"41":{"start":{"line":200,"column":12},"end":{"line":200,"column":27}},"42":{"start":{"line":207,"column":8},"end":{"line":207,"column":10104}},"43":{"start":{"line":208,"column":12},"end":{"line":208,"column":106}},"44":{"start":{"line":209,"column":12},"end":{"line":209,"column":27}},"45":{"start":{"line":215,"column":8},"end":{"line":215,"column":10493}},"46":{"start":{"line":217,"column":12},"end":{"line":217,"column":57}},"47":{"start":{"line":218,"column":12},"end":{"line":218,"column":30}},"48":{"start":{"line":219,"column":12},"end":{"line":219,"column":132}},"49":{"start":{"line":222,"column":12},"end":{"line":222,"column":10940}},"50":{"start":{"line":223,"column":16},"end":{"line":223,"column":108}},"51":{"start":{"line":224,"column":16},"end":{"line":224,"column":31}},"52":{"start":{"line":230,"column":8},"end":{"line":230,"column":100}},"53":{"start":{"line":231,"column":8},"end":{"line":231,"column":24}},"54":{"start":{"line":233,"column":8},"end":{"line":233,"column":63}}},"branchMap":{"1":{"line":121,"type":"if","locations":[{"start":{"line":121,"column":8},"end":{"line":121,"column":8}},{"start":{"line":121,"column":8},"end":{"line":121,"column":8}}]},"2":{"line":142,"type":"if","locations":[{"start":{"line":142,"column":8},"end":{"line":142,"column":8}},{"start":{"line":142,"column":8},"end":{"line":142,"column":8}}]},"3":{"line":167,"type":"if","locations":[{"start":{"line":167,"column":8},"end":{"line":167,"column":8}},{"start":{"line":167,"column":8},"end":{"line":167,"column":8}}]},"4":{"line":184,"type":"if","locations":[{"start":{"line":184,"column":8},"end":{"line":184,"column":8}},{"start":{"line":184,"column":8},"end":{"line":184,"column":8}}]},"5":{"line":191,"type":"if","locations":[{"start":{"line":191,"column":8},"end":{"line":191,"column":8}},{"start":{"line":191,"column":8},"end":{"line":191,"column":8}}]},"6":{"line":198,"type":"if","locations":[{"start":{"line":198,"column":8},"end":{"line":198,"column":8}},{"start":{"line":198,"column":8},"end":{"line":198,"column":8}}]},"7":{"line":207,"type":"if","locations":[{"start":{"line":207,"column":8},"end":{"line":207,"column":8}},{"start":{"line":207,"column":8},"end":{"line":207,"column":8}}]},"8":{"line":207,"type":"cond-expr","locations":[{"start":{"line":207,"column":12},"end":{"line":207,"column":33}},{"start":{"line":207,"column":38},"end":{"line":207,"column":63}}]},"9":{"line":215,"type":"if","locations":[{"start":{"line":215,"column":8},"end":{"line":215,"column":8}},{"start":{"line":215,"column":8},"end":{"line":215,"column":8}}]},"10":{"line":222,"type":"if","locations":[{"start":{"line":222,"column":12},"end":{"line":222,"column":12}},{"start":{"line":222,"column":12},"end":{"line":222,"column":12}}]}}},
"contracts\\interfaces\\IERC721TokenReceiver.sol":{"l":{},"path":"C:\\Users\\juanm\\OneDrive\\Documents\\ORT\\Blockchain 2\\erc-721-non-fungible-token-contract-jgallicchio1996\\contracts\\interfaces\\IERC721TokenReceiver.sol","s":{},"b":{},"f":{},"fnMap":{},"statementMap":{},"branchMap":{}}}
