TN:
SF:C:\Users\juanm\OneDrive\Documents\ORT\Blockchain 2\erc-721-non-fungible-token-contract-jgallicchio1996\contracts\ERC721.sol
FN:50,constructor
FN:72,safeTransferFrom
FN:98,approve
FN:117,setApprovalForAll
FN:138,mint
FN:163,burn
FN:179,_concatMessage
FN:183,_isEmptyString
FN:190,_isZeroAddress
FN:197,_isAuthorized
FN:206,_isValidTokenId
FN:213,_isERC721TokenReceiver
FN:229,_isSmartContractAddress
FNF:13
FNH:13
FNDA:5,constructor
FNDA:5,safeTransferFrom
FNDA:4,approve
FNDA:2,setApprovalForAll
FNDA:5,mint
FNDA:3,burn
FNDA:14,_concatMessage
FNDA:13,_isEmptyString
FNDA:23,_isZeroAddress
FNDA:6,_isAuthorized
FNDA:6,_isValidTokenId
FNDA:1,_isERC721TokenReceiver
FNDA:1,_isSmartContractAddress
DA:51,5
DA:52,5
DA:53,4
DA:54,3
DA:55,3
DA:73,5
DA:74,5
DA:75,4
DA:76,3
DA:77,2
DA:79,1
DA:80,1
DA:81,1
DA:82,1
DA:83,1
DA:85,1
DA:99,4
DA:100,4
DA:101,3
DA:102,2
DA:104,1
DA:105,1
DA:118,2
DA:119,2
DA:121,1
DA:122,1
DA:125,0
DA:127,1
DA:139,5
DA:140,5
DA:141,4
DA:142,3
DA:143,1
DA:145,2
DA:146,2
DA:147,2
DA:148,2
DA:149,2
DA:150,2
DA:151,2
DA:164,3
DA:165,3
DA:166,2
DA:167,1
DA:168,0
DA:171,1
DA:172,1
DA:173,1
DA:174,1
DA:175,1
DA:176,1
DA:180,14
DA:184,13
DA:185,3
DA:186,3
DA:191,23
DA:192,6
DA:193,6
DA:198,6
DA:199,3
DA:200,3
DA:207,6
DA:208,2
DA:209,2
DA:215,1
DA:217,0
DA:218,0
DA:219,0
DA:222,0
DA:223,0
DA:224,0
DA:230,1
DA:231,1
DA:232,1
DA:233,1
LF:75
LH:67
BRDA:121,1,0,1
BRDA:121,1,1,0
BRDA:142,2,0,1
BRDA:142,2,1,2
BRDA:167,3,0,0
BRDA:167,3,1,1
BRDA:184,4,0,3
BRDA:184,4,1,10
BRDA:191,5,0,6
BRDA:191,5,1,17
BRDA:198,6,0,3
BRDA:198,6,1,3
BRDA:207,7,0,2
BRDA:207,7,1,4
BRDA:207,8,0,2
BRDA:207,8,1,0
BRDA:215,9,0,0
BRDA:215,9,1,1
BRDA:222,10,0,0
BRDA:222,10,1,0
BRF:20
BRH:14
end_of_record
TN:
SF:C:\Users\juanm\OneDrive\Documents\ORT\Blockchain 2\erc-721-non-fungible-token-contract-jgallicchio1996\contracts\interfaces\IERC721TokenReceiver.sol
FNF:0
FNH:0
LF:0
LH:0
BRF:0
BRH:0
end_of_record
